Environment at start of build:
ALLUSERSPROFILE = C:\ProgramData
APPDATA = C:\Users\yousef elbaroudy\AppData\Roaming
CommonProgramFiles = C:\Program Files (x86)\Common Files
CommonProgramFiles(x86) = C:\Program Files (x86)\Common Files
CommonProgramW6432 = C:\Program Files\Common Files
COMPUTERNAME = DESKTOP-RIUE47Q
ComSpec = C:\Windows\system32\cmd.exe
DriverData = C:\Windows\System32\Drivers\DriverData
FPS_BROWSER_APP_PROFILE_STRING = Internet Explorer
FPS_BROWSER_USER_PROFILE_STRING = Default
HOMEDRIVE = C:
HOMEPATH = \Users\yousef elbaroudy
LOCALAPPDATA = C:\Users\yousef elbaroudy\AppData\Local
LOGONSERVER = \\DESKTOP-RIUE47Q
MSBuildLoadMicrosoftTargetsReadOnly = true
MYSQLCONNECTOR_ASSEMBLIESPATH = C:\Program Files (x86)\MySQL\Connector NET 8.0\Assemblies\v4.8
NUMBER_OF_PROCESSORS = 4
OneDrive = C:\Users\yousef elbaroudy\OneDrive
OneDriveConsumer = C:\Users\yousef elbaroudy\OneDrive
OS = Windows_NT
Path = C:\oraclexe\app\oracle\product\11.2.0\server\bin;C:\Program Files (x86)\Common Files\Oracle\Java\javapath;C:\ProgramData\Oracle\Java\javapath;C:\Windows\system32;C:\Windows;C:\Windows\System32\Wbem;C:\Windows\System32\WindowsPowerShell\v1.0\;C:\Windows\System32\OpenSSH\;C:\Program Files (x86)\Microsoft SQL Server\100\Tools\Binn\;C:\Program Files\Microsoft SQL Server\100\Tools\Binn\;C:\Program Files\Microsoft SQL Server\100\DTS\Binn\;C:\Program Files\dotnet\;E:\MatLab\runtime\win64;E:\MatLab\bin;C:\Program Files (x86)\GNU\GnuPG\pub;C:\Program Files\PuTTY\;C:\Program Files\MySQL\MySQL Shell 8.0\bin\;C:\Users\yousef elbaroudy\AppData\Local\Microsoft\WindowsApps;c:\altera\12.1sp1\modelsim_ase\win32aloem;C:\Users\yousef elbaroudy\.dotnet\tools
PATHEXT = .COM;.EXE;.BAT;.CMD;.VBS;.VBE;.JS;.JSE;.WSF;.WSH;.MSC
PkgDefApplicationConfigFile = C:\Users\yousef elbaroudy\AppData\Local\Microsoft\VisualStudio\16.0_b27aa272\devenv.exe.config
PROCESSOR_ARCHITECTURE = x86
PROCESSOR_ARCHITEW6432 = AMD64
PROCESSOR_IDENTIFIER = Intel64 Family 6 Model 58 Stepping 9, GenuineIntel
PROCESSOR_LEVEL = 6
PROCESSOR_REVISION = 3a09
ProgramData = C:\ProgramData
ProgramFiles = C:\Program Files (x86)
ProgramFiles(x86) = C:\Program Files (x86)
ProgramW6432 = C:\Program Files
PSModulePath = C:\Program Files\WindowsPowerShell\Modules;C:\Windows\system32\WindowsPowerShell\v1.0\Modules
PT8HOME = E:\Cisco Packet Tracer 8.1.1
PUBLIC = C:\Users\Public
QSYS_ROOTDIR = C:\intelFPGA_lite\21.1\quartus\sopc_builder\bin
QUARTUS_ROOTDIR = C:\intelFPGA_lite\21.1\quartus
ServiceHubLogSessionKey = B394C35B
SESSIONNAME = Console
SOPC_KIT_NIOS2 = C:\intelFPGA_lite\21.1\nios2eds
SynaProgDir = Synaptics\SynTP
SystemDrive = C:
SystemRoot = C:\Windows
TEMP = C:\Users\yousef elbaroudy\AppData\Local\Temp
ThreadedWaitDialogDpiContext = -4
TMP = C:\Users\yousef elbaroudy\AppData\Local\Temp
USERDOMAIN = DESKTOP-RIUE47Q
USERDOMAIN_ROAMINGPROFILE = DESKTOP-RIUE47Q
USERNAME = yousef elbaroudy
USERPROFILE = C:\Users\yousef elbaroudy
VBOX_MSI_INSTALL_PATH = C:\Program Files\Oracle\VirtualBox\
VisualStudioDir = C:\Users\yousef elbaroudy\Documents\Visual Studio 2019
VisualStudioEdition = Microsoft Visual Studio Professional 2019
VisualStudioVersion = 16.0
VS160PROCOMNTOOLS = C:\Program Files (x86)\Microsoft Visual Studio\2019\Professional\Common7\Tools\
VSAPPIDDIR = C:\Program Files (x86)\Microsoft Visual Studio\2019\Professional\Common7\IDE\
VSAPPIDNAME = devenv.exe
VSLANG = 1033
VSSKUEDITION = Professional
windir = C:\Windows

  Source.cpp
  3D Solar System.vcxproj -> C:\Users\yousef elbaroudy\source\repos\3D Solar System\Debug\3D Solar System.exe

Project Performance Summary:
     2568 ms  C:\Users\yousef elbaroudy\source\repos\3D Solar System\3D Solar System\3D Solar System.vcxproj   1 calls
               2568 ms  Build                                      1 calls

Target Performance Summary:
        0 ms  AfterBuildCompileEvent                     1 calls
        0 ms  AfterLink                                  1 calls
        0 ms  ComputeLinkSwitches                        1 calls
        0 ms  PreLinkEvent                               1 calls
        0 ms  DoLinkOutputFilesMatch                     1 calls
        0 ms  PrepareResourceNames                       1 calls
        0 ms  CreateCustomManifestResourceNames          1 calls
        0 ms  ComputeManifestInputsTargets               1 calls
        0 ms  ComputeLinkInputsFromProject               1 calls
        0 ms  ComputeCLGeneratedLinkInputs               1 calls
        0 ms  ComputeManifestGeneratedLinkerInputs       1 calls
        0 ms  ComputeRCGeneratedLinkInputs               1 calls
        0 ms  ComputeRCOutputs                           1 calls
        0 ms  BeforeLink                                 1 calls
        0 ms  BuildLinkTraverse                          1 calls
        0 ms  BuildCompile                               1 calls
        0 ms  _BuildCompileAction                        1 calls
        0 ms  _ResourceCompile                           1 calls
        0 ms  AfterResourceCompile                       1 calls
        0 ms  BeforeResourceCompile                      1 calls
        0 ms  _ClCompile                                 1 calls
        0 ms  AfterClCompile                             1 calls
        0 ms  _Link                                      1 calls
        0 ms  SelectClCompile                            1 calls
        0 ms  _ALink                                     1 calls
        0 ms  ResolvedXDCMake                            1 calls
        0 ms  AfterBuild                                 1 calls
        0 ms  BuildLink                                  1 calls
        0 ms  _BuildLinkAction                           1 calls
        0 ms  PostBuildEvent                             1 calls
        0 ms  PrepareForRun                              1 calls
        0 ms  _CheckForCompileOutputs                    1 calls
        0 ms  _CopySourceItemsToOutputDirectory          1 calls
        0 ms  _GetCopyToOutputDirectoryItemsFromThisProject   1 calls
        0 ms  GetCopyToOutputDirectoryXamlAppDefs        1 calls
        0 ms  _PopulateCommonStateForGetCopyToOutputDirectoryItems   1 calls
        0 ms  _Deploy                                    1 calls
        0 ms  _Appverifier                               1 calls
        0 ms  CreateSatelliteAssemblies                  1 calls
        0 ms  _GenerateSatelliteAssemblyInputs           1 calls
        0 ms  ContentFilesProjectOutputGroup             1 calls
        0 ms  SatelliteDllsProjectOutputGroup            1 calls
        0 ms  _BscMake                                   1 calls
        0 ms  MakeDirsForBscMake                         1 calls
        0 ms  ComputeCLCompileGeneratedSbrFiles          1 calls
        0 ms  _XdcMake                                   1 calls
        0 ms  ComputeCLCompileGeneratedXDCFiles          1 calls
        0 ms  _Manifest                                  1 calls
        0 ms  MakeDirsForCl                              1 calls
        0 ms  Build                                      1 calls
        0 ms  WarnCompileDuplicatedFilename              1 calls
        0 ms  SelectCustomBuild                          1 calls
        0 ms  PreBuildEvent                              1 calls
        0 ms  BeforeResolveReferences                    1 calls
        0 ms  BeforeBuildGenerateSources                 1 calls
        0 ms  BuildGenerateSourcesTraverse               1 calls
        0 ms  ResolveReferences                          1 calls
        0 ms  AfterResolveReferences                     1 calls
        0 ms  ComputeCustomBuildOutput                   1 calls
        0 ms  ExpandSDKReferences                        1 calls
        0 ms  SetCABuildNativeEnvironmentVariables       1 calls
        0 ms  GetResolvedWinMD                           1 calls
        0 ms  AddExternalIncludDirectoriesToPaths        1 calls
        0 ms  GetReferenceAssemblyPaths                  1 calls
        0 ms  GetFrameworkPaths                          1 calls
        0 ms  PrepareProjectReferences                   1 calls
        0 ms  _AddOutputPathToGlobalPropertiesToRemove   1 calls
        0 ms  ResolveSDKReferences                       1 calls
        0 ms  _Xsd                                       1 calls
        0 ms  _PrepareForReferenceResolution             1 calls
        0 ms  BuildCompileTraverse                       1 calls
        0 ms  GetReferencedVCProjectsInfo                1 calls
        0 ms  FindReferenceAssembliesForReferences       1 calls
        0 ms  ComputeCLInputPDBName                      1 calls
        0 ms  ComputeMIDLGeneratedCompileInputs          1 calls
        0 ms  AfterMidl                                  1 calls
        0 ms  MakeDirsForMidl                            1 calls
        0 ms  _Midl                                      1 calls
        0 ms  AfterBuildGenerateSources                  1 calls
        0 ms  BuildGenerateSources                       1 calls
        0 ms  AfterBuildGenerateSourcesEvent             1 calls
        0 ms  _BuildGenerateSourcesAction                1 calls
        1 ms  MakeDirsForResourceCompile                 1 calls
        1 ms  RegisterOutput                             1 calls
        1 ms  MakeDirsForXdcMake                         1 calls
        1 ms  IncrementalClean                           1 calls
        1 ms  ComputeCLOutputs                           1 calls
        1 ms  _SelectedFiles                             1 calls
        1 ms  _GetCopyToOutputDirectoryItemsFromTransitiveProjectReferences   1 calls
        1 ms  _SplitProjectReferencesByFileExistence     1 calls
        1 ms  _GetProjectReferenceTargetFrameworkProperties   1 calls
        1 ms  ResolveAssemblyReferences                  1 calls
        1 ms  SetTelemetryEnvironmentVariables           1 calls
        1 ms  CopyFileToFolders                          1 calls
        1 ms  ResolveProjectReferences                   1 calls
        1 ms  SplitResourcesByCulture                    1 calls
        1 ms  MakeDirsForFxc                             1 calls
        1 ms  _CheckWindowsSDKInstalled                  1 calls
        1 ms  SetBuildDefaultEnvironmentVariables        1 calls
        1 ms  ComputeReferenceCLInput                    1 calls
        1 ms  AssignTargetPaths                          1 calls
        1 ms  ComputeLinkImportLibraryOutputsForClean    1 calls
        1 ms  CopyFilesToOutputDirectory                 1 calls
        1 ms  BuiltProjectOutputGroup                    1 calls
        1 ms  AssignProjectConfiguration                 1 calls
        1 ms  BeforeClCompile                            1 calls
        1 ms  _PrepareForBuild                           1 calls
        1 ms  ComputeLegacyManifestEmbedding             1 calls
        2 ms  GetCopyToOutputDirectoryItems              1 calls
        2 ms  CreateRecipeFile                           1 calls
        2 ms  CustomBuild                                1 calls
        2 ms  _CleanGetCurrentAndPriorFileWrites         1 calls
        2 ms  FixupCLCompileOptions                      1 calls
        2 ms  FinalizeBuildStatus                        1 calls
        3 ms  _CheckForInvalidConfigurationAndPlatform   1 calls
        3 ms  MakeDirsForLink                            1 calls
        5 ms  PrepareForBuild                            1 calls
        5 ms  InitializeBuildStatus                      1 calls
      836 ms  Link                                       1 calls
     1674 ms  ClCompile                                  1 calls

Task Performance Summary:
        0 ms  FindUnderPath                              5 calls
        0 ms  AssignProjectConfiguration                 1 calls
        0 ms  CheckVCToolsetVersion                      1 calls
        0 ms  ConvertToAbsolutePath                      1 calls
        0 ms  RemoveDuplicates                           2 calls
        0 ms  AssignTargetPath                           7 calls
        0 ms  AssignCulture                              1 calls
        0 ms  CreateItem                                 2 calls
        1 ms  Message                                    3 calls
        1 ms  MakeDir                                   10 calls
        1 ms  WriteLinesToFile                           1 calls
        1 ms  CallTarget                                 2 calls
        1 ms  MSBuild                                    1 calls
        1 ms  GenerateDesktopDeployRecipe                1 calls
        1 ms  Delete                                     2 calls
        2 ms  SetEnv                                     9 calls
        2 ms  ReadLinesFromFile                          2 calls
        3 ms  GetOutOfDateItems                          3 calls
        3 ms  Touch                                      2 calls
      834 ms  Link                                       1 calls
     1673 ms  CL                                         1 calls
